<?xml version="1.0" encoding="UTF-8"?>
<!-- Generated by org.testng.reporters.JUnitReportReporter -->
<testsuite hostname="Nithya" failures="0" tests="1" name="com.iamneo.testcases.LoginTest" time="12.899" errors="0" timestamp="2024-03-27T14:39:12 IST" skipped="0">
  <testcase classname="com.iamneo.testcases.LoginTest" name="loginTest" time="12.899"/>
</testsuite> <!-- com.iamneo.testcases.LoginTest -->
