<?xml version="1.0" encoding="UTF-8"?>
<!-- Generated by org.testng.reporters.JUnitReportReporter -->
<testsuite hostname="Loki" failures="0" tests="1" name="com.skcet.AppTest" time="19.414" errors="0" timestamp="2024-04-26T11:00:09 IST" skipped="0">
  <testcase classname="com.skcet.AppTest" name="shouldAnswerWithTrue" time="19.414"/>
</testsuite> <!-- com.skcet.AppTest -->
